2014/05/21 18:42:31 [error] [exception.CException] exception 'CException' with message 'The layout path "C:\wamp\www\roampa\protected\modules\user\views\layouts" is not a valid directory.' in C:\wamp\www\yii\framework\web\CWebModule.php:161
Stack trace:
#0 C:\wamp\www\yii\framework\base\CComponent.php(152): CWebModule->setLayoutPath('C:\wamp\www\roa...')
#1 C:\wamp\www\roampa\protected\modules\user\UserModule.php(111): CComponent->__set('layoutPath', 'C:\wamp\www\roa...')
#2 C:\wamp\www\yii\framework\base\CModule.php(90): UserModule->init()
#3 C:\wamp\www\yii\framework\YiiBase.php(206): CModule->__construct('user', NULL, Array)
#4 C:\wamp\www\yii\framework\base\CModule.php(282): YiiBase::createComponent('user.UserModule', 'user', NULL, Array)
#5 C:\wamp\www\roampa\protected\views\layouts\main.php(35): CModule->getModule('user')
#6 C:\wamp\www\yii\framework\web\CBaseController.php(126): require('C:\wamp\www\roa...')
#7 C:\wamp\www\yii\framework\web\CBaseController.php(95): CBaseController->renderInternal('C:\wamp\www\roa...', Array, true)
#8 C:\wamp\www\yii\framework\web\widgets\CContentDecorator.php(76): CBaseController->renderFile('C:\wamp\www\roa...', Array, true)
#9 C:\wamp\www\yii\framework\web\widgets\CContentDecorator.php(54): CContentDecorator->decorate('<div id="conten...')
#10 C:\wamp\www\yii\framework\web\widgets\COutputProcessor.php(44): CContentDecorator->processOutput('<div id="conten...')
#11 C:\wamp\www\yii\framework\web\CBaseController.php(206): COutputProcessor->run()
#12 C:\wamp\www\yii\framework\web\CBaseController.php(300): CBaseController->endWidget('CContentDecorat...')
#13 C:\wamp\www\roampa\protected\views\layouts\column1.php(6): CBaseController->endContent()
#14 C:\wamp\www\yii\framework\web\CBaseController.php(126): require('C:\wamp\www\roa...')
#15 C:\wamp\www\yii\framework\web\CBaseController.php(95): CBaseController->renderInternal('C:\wamp\www\roa...', Array, true)
#16 C:\wamp\www\yii\framework\web\CController.php(784): CBaseController->renderFile('C:\wamp\www\roa...', Array, true)
#17 C:\wamp\www\roampa\protected\controllers\SiteController.php(32): CController->render('index')
#18 C:\wamp\www\yii\framework\web\actions\CInlineAction.php(49): SiteController->actionIndex()
#19 C:\wamp\www\yii\framework\web\CController.php(308): CInlineAction->runWithParams(Array)
#20 C:\wamp\www\yii\framework\web\CController.php(286): CController->runAction(Object(CInlineAction))
#21 C:\wamp\www\yii\framework\web\CController.php(265): CController->runActionWithFilters(Object(CInlineAction), Array)
#22 C:\wamp\www\yii\framework\web\CWebApplication.php(282): CController->run('')
#23 C:\wamp\www\yii\framework\web\CWebApplication.php(141): CWebApplication->runController('')
#24 C:\wamp\www\yii\framework\base\CApplication.php(180): CWebApplication->processRequest()
#25 C:\wamp\www\roampa\index.php(13): CApplication->run()
#26 {main}
REQUEST_URI=/roampa/
---
2014/05/21 18:45:04 [error] [system.db.CDbCommand] CDbCommand::fetchAll() failed: SQLSTATE[42S02]: Base table or view not found: 1146 Table 'roampa.tbl_users' doesn't exist. The SQL statement executed was: SHOW FULL COLUMNS FROM `tbl_users`.
in C:\wamp\www\roampa\protected\modules\user\components\UserIdentity.php (27)
in C:\wamp\www\roampa\protected\modules\user\components\UserIdentity.php (27)
in C:\wamp\www\roampa\protected\modules\user\models\UserLogin.php (52)
2014/05/21 18:45:04 [error] [exception.CDbException] exception 'CDbException' with message 'The table "{{users}}" for active record class "User" cannot be found in the database.' in C:\wamp\www\yii\framework\db\ar\CActiveRecord.php:2362
Stack trace:
#0 C:\wamp\www\yii\framework\db\ar\CActiveRecord.php(411): CActiveRecordMetaData->__construct(Object(User))
#1 C:\wamp\www\yii\framework\db\ar\CActiveRecord.php(212): CActiveRecord->getMetaData()
#2 C:\wamp\www\roampa\protected\modules\user\components\UserIdentity.php(27): CActiveRecord->__call('notsafe', Array)
#3 C:\wamp\www\roampa\protected\modules\user\components\UserIdentity.php(27): User->notsafe()
#4 C:\wamp\www\roampa\protected\modules\user\models\UserLogin.php(52): UserIdentity->authenticate()
#5 C:\wamp\www\yii\framework\validators\CInlineValidator.php(42): UserLogin->authenticate('password', Array)
#6 C:\wamp\www\yii\framework\validators\CValidator.php(213): CInlineValidator->validateAttribute(Object(UserLogin), 'password')
#7 C:\wamp\www\yii\framework\base\CModel.php(159): CValidator->validate(Object(UserLogin), NULL)
#8 C:\wamp\www\roampa\protected\modules\user\controllers\LoginController.php(19): CModel->validate()
#9 C:\wamp\www\yii\framework\web\actions\CInlineAction.php(49): LoginController->actionLogin()
#10 C:\wamp\www\yii\framework\web\CController.php(308): CInlineAction->runWithParams(Array)
#11 C:\wamp\www\yii\framework\web\CController.php(286): CController->runAction(Object(CInlineAction))
#12 C:\wamp\www\yii\framework\web\CController.php(265): CController->runActionWithFilters(Object(CInlineAction), Array)
#13 C:\wamp\www\yii\framework\web\CWebApplication.php(282): CController->run('')
#14 C:\wamp\www\yii\framework\web\CWebApplication.php(141): CWebApplication->runController('user/login')
#15 C:\wamp\www\yii\framework\base\CApplication.php(180): CWebApplication->processRequest()
#16 C:\wamp\www\roampa\index.php(13): CApplication->run()
#17 {main}
REQUEST_URI=/roampa/index.php?r=user/login
HTTP_REFERER=http://localhost/roampa/index.php?r=user/login
---
2014/05/21 18:47:55 [error] [system.db.CDbCommand] CDbCommand::fetch() failed: SQLSTATE[42S22]: Column not found: 1054 Unknown column 'user.superuser' in 'field list'. The SQL statement executed was: SELECT user.id, user.username, user.email, user.create_at, user.lastvisit_at, user.superuser, user.status, id, username, password, email, activkey, create_at, lastvisit_at, superuser, status FROM `tbl_user` `user` WHERE `user`.`username`=:yp0 LIMIT 1.
in C:\wamp\www\roampa\protected\modules\user\components\UserIdentity.php (27)
in C:\wamp\www\roampa\protected\modules\user\models\UserLogin.php (52)
in C:\wamp\www\roampa\protected\modules\user\controllers\LoginController.php (19)
2014/05/21 18:47:55 [error] [exception.CDbException] exception 'CDbException' with message 'CDbCommand failed to execute the SQL statement: SQLSTATE[42S22]: Column not found: 1054 Unknown column 'user.superuser' in 'field list'. The SQL statement executed was: SELECT user.id, user.username, user.email, user.create_at, user.lastvisit_at, user.superuser, user.status, id, username, password, email, activkey, create_at, lastvisit_at, superuser, status FROM `tbl_user` `user` WHERE `user`.`username`=:yp0 LIMIT 1' in C:\wamp\www\yii\framework\db\CDbCommand.php:543
Stack trace:
#0 C:\wamp\www\yii\framework\db\CDbCommand.php(415): CDbCommand->queryInternal('fetch', Array, Array)
#1 C:\wamp\www\yii\framework\db\ar\CActiveRecord.php(1351): CDbCommand->queryRow()
#2 C:\wamp\www\yii\framework\db\ar\CActiveRecord.php(1519): CActiveRecord->query(Object(CDbCriteria))
#3 C:\wamp\www\roampa\protected\modules\user\components\UserIdentity.php(27): CActiveRecord->findByAttributes(Array)
#4 C:\wamp\www\roampa\protected\modules\user\models\UserLogin.php(52): UserIdentity->authenticate()
#5 C:\wamp\www\yii\framework\validators\CInlineValidator.php(42): UserLogin->authenticate('password', Array)
#6 C:\wamp\www\yii\framework\validators\CValidator.php(213): CInlineValidator->validateAttribute(Object(UserLogin), 'password')
#7 C:\wamp\www\yii\framework\base\CModel.php(159): CValidator->validate(Object(UserLogin), NULL)
#8 C:\wamp\www\roampa\protected\modules\user\controllers\LoginController.php(19): CModel->validate()
#9 C:\wamp\www\yii\framework\web\actions\CInlineAction.php(49): LoginController->actionLogin()
#10 C:\wamp\www\yii\framework\web\CController.php(308): CInlineAction->runWithParams(Array)
#11 C:\wamp\www\yii\framework\web\CController.php(286): CController->runAction(Object(CInlineAction))
#12 C:\wamp\www\yii\framework\web\CController.php(265): CController->runActionWithFilters(Object(CInlineAction), Array)
#13 C:\wamp\www\yii\framework\web\CWebApplication.php(282): CController->run('')
#14 C:\wamp\www\yii\framework\web\CWebApplication.php(141): CWebApplication->runController('user/login')
#15 C:\wamp\www\yii\framework\base\CApplication.php(180): CWebApplication->processRequest()
#16 C:\wamp\www\roampa\index.php(13): CApplication->run()
#17 {main}
REQUEST_URI=/roampa/index.php?r=user/login
HTTP_REFERER=http://localhost/roampa/index.php?r=user/login
---
2014/05/21 19:11:41 [error] [exception.CException] exception 'CException' with message 'UserModule and its behaviors do not have a method or closure named "encrypting".' in C:\wamp\www\yii\framework\base\CComponent.php:266
Stack trace:
#0 C:\wamp\www\roampa\protected\modules\user\components\UserIdentity.php(35): CComponent->__call('encrypting', Array)
#1 C:\wamp\www\roampa\protected\modules\user\components\UserIdentity.php(35): UserModule->encrypting('admin')
#2 C:\wamp\www\roampa\protected\modules\user\models\UserLogin.php(52): UserIdentity->authenticate()
#3 C:\wamp\www\yii\framework\validators\CInlineValidator.php(42): UserLogin->authenticate('password', Array)
#4 C:\wamp\www\yii\framework\validators\CValidator.php(213): CInlineValidator->validateAttribute(Object(UserLogin), 'password')
#5 C:\wamp\www\yii\framework\base\CModel.php(159): CValidator->validate(Object(UserLogin), NULL)
#6 C:\wamp\www\roampa\protected\modules\user\controllers\LoginController.php(19): CModel->validate()
#7 C:\wamp\www\yii\framework\web\actions\CInlineAction.php(49): LoginController->actionLogin()
#8 C:\wamp\www\yii\framework\web\CController.php(308): CInlineAction->runWithParams(Array)
#9 C:\wamp\www\yii\framework\web\CController.php(286): CController->runAction(Object(CInlineAction))
#10 C:\wamp\www\yii\framework\web\CController.php(265): CController->runActionWithFilters(Object(CInlineAction), Array)
#11 C:\wamp\www\yii\framework\web\CWebApplication.php(282): CController->run('')
#12 C:\wamp\www\yii\framework\web\CWebApplication.php(141): CWebApplication->runController('user/login')
#13 C:\wamp\www\yii\framework\base\CApplication.php(180): CWebApplication->processRequest()
#14 C:\wamp\www\roampa\index.php(13): CApplication->run()
#15 {main}
REQUEST_URI=/roampa/index.php?r=user/login
HTTP_REFERER=http://localhost/roampa/index.php?r=user/login
---
2014/05/22 13:00:13 [error] [exception.CException] exception 'CException' with message 'UserModule and its behaviors do not have a method or closure named "encrypting".' in C:\wamp\www\yii\framework\base\CComponent.php:266
Stack trace:
#0 C:\wamp\www\roampa\protected\modules\user\components\UserIdentity.php(35): CComponent->__call('encrypting', Array)
#1 C:\wamp\www\roampa\protected\modules\user\components\UserIdentity.php(35): UserModule->encrypting('admin')
#2 C:\wamp\www\roampa\protected\modules\user\models\UserLogin.php(52): UserIdentity->authenticate()
#3 C:\wamp\www\yii\framework\validators\CInlineValidator.php(42): UserLogin->authenticate('password', Array)
#4 C:\wamp\www\yii\framework\validators\CValidator.php(213): CInlineValidator->validateAttribute(Object(UserLogin), 'password')
#5 C:\wamp\www\yii\framework\base\CModel.php(159): CValidator->validate(Object(UserLogin), NULL)
#6 C:\wamp\www\roampa\protected\modules\user\controllers\LoginController.php(19): CModel->validate()
#7 C:\wamp\www\yii\framework\web\actions\CInlineAction.php(49): LoginController->actionLogin()
#8 C:\wamp\www\yii\framework\web\CController.php(308): CInlineAction->runWithParams(Array)
#9 C:\wamp\www\yii\framework\web\CController.php(286): CController->runAction(Object(CInlineAction))
#10 C:\wamp\www\yii\framework\web\CController.php(265): CController->runActionWithFilters(Object(CInlineAction), Array)
#11 C:\wamp\www\yii\framework\web\CWebApplication.php(282): CController->run('')
#12 C:\wamp\www\yii\framework\web\CWebApplication.php(141): CWebApplication->runController('user/login')
#13 C:\wamp\www\yii\framework\base\CApplication.php(180): CWebApplication->processRequest()
#14 C:\wamp\www\roampa\index.php(13): CApplication->run()
#15 {main}
REQUEST_URI=/roampa/index.php?r=user/login
HTTP_REFERER=http://localhost/roampa/index.php?r=user/login
---
2014/05/22 14:23:22 [error] [exception.CException] exception 'CException' with message 'Property "User.profile" is not defined.' in C:\wamp\www\yii\framework\base\CComponent.php:130
Stack trace:
#0 C:\wamp\www\yii\framework\db\ar\CActiveRecord.php(145): CComponent->__get('profile')
#1 C:\wamp\www\roampa\protected\modules\user\components\WebUser.php(43): CActiveRecord->__get('profile')
#2 C:\wamp\www\roampa\protected\modules\user\components\WebUser.php(33): WebUser->updateSession()
#3 C:\wamp\www\yii\framework\web\auth\CWebUser.php(246): WebUser->afterLogin(false)
#4 C:\wamp\www\roampa\protected\modules\user\models\UserLogin.php(57): CWebUser->login(Object(UserIdentity), 0)
#5 C:\wamp\www\yii\framework\validators\CInlineValidator.php(42): UserLogin->authenticate('password', Array)
#6 C:\wamp\www\yii\framework\validators\CValidator.php(213): CInlineValidator->validateAttribute(Object(UserLogin), 'password')
#7 C:\wamp\www\yii\framework\base\CModel.php(159): CValidator->validate(Object(UserLogin), NULL)
#8 C:\wamp\www\roampa\protected\modules\user\controllers\LoginController.php(19): CModel->validate()
#9 C:\wamp\www\yii\framework\web\actions\CInlineAction.php(49): LoginController->actionLogin()
#10 C:\wamp\www\yii\framework\web\CController.php(308): CInlineAction->runWithParams(Array)
#11 C:\wamp\www\yii\framework\web\CController.php(286): CController->runAction(Object(CInlineAction))
#12 C:\wamp\www\yii\framework\web\CController.php(265): CController->runActionWithFilters(Object(CInlineAction), Array)
#13 C:\wamp\www\yii\framework\web\CWebApplication.php(282): CController->run('')
#14 C:\wamp\www\yii\framework\web\CWebApplication.php(141): CWebApplication->runController('user/login')
#15 C:\wamp\www\yii\framework\base\CApplication.php(180): CWebApplication->processRequest()
#16 C:\wamp\www\roampa\index.php(13): CApplication->run()
#17 {main}
REQUEST_URI=/roampa/index.php?r=user/login
HTTP_REFERER=http://localhost/roampa/index.php?r=user/login
---
2014/05/22 14:27:41 [error] [exception.CHttpException.404] exception 'CHttpException' with message 'Unable to resolve the request "post/index".' in C:\wamp\www\yii\framework\web\CWebApplication.php:286
Stack trace:
#0 C:\wamp\www\yii\framework\web\CWebApplication.php(141): CWebApplication->runController('post/index')
#1 C:\wamp\www\yii\framework\base\CApplication.php(180): CWebApplication->processRequest()
#2 C:\wamp\www\roampa\index.php(13): CApplication->run()
#3 {main}
REQUEST_URI=/roampa/index.php?r=post/index
HTTP_REFERER=http://localhost/roampa/
---
2014/05/22 14:27:56 [error] [exception.CHttpException.404] exception 'CHttpException' with message 'Unable to resolve the request "post/index".' in C:\wamp\www\yii\framework\web\CWebApplication.php:286
Stack trace:
#0 C:\wamp\www\yii\framework\web\CWebApplication.php(141): CWebApplication->runController('post/index')
#1 C:\wamp\www\yii\framework\base\CApplication.php(180): CWebApplication->processRequest()
#2 C:\wamp\www\roampa\index.php(13): CApplication->run()
#3 {main}
REQUEST_URI=/roampa/index.php?r=post/index
HTTP_REFERER=http://localhost/roampa/index.php
---
2014/05/22 14:40:45 [error] [exception.CHttpException.404] exception 'CHttpException' with message 'Unable to resolve the request "post/index".' in C:\wamp\www\yii\framework\web\CWebApplication.php:286
Stack trace:
#0 C:\wamp\www\yii\framework\web\CWebApplication.php(141): CWebApplication->runController('post/index')
#1 C:\wamp\www\yii\framework\base\CApplication.php(180): CWebApplication->processRequest()
#2 C:\wamp\www\roampa\index.php(13): CApplication->run()
#3 {main}
REQUEST_URI=/roampa/index.php?r=post/index
HTTP_REFERER=http://localhost/roampa/index.php
---
2014/05/22 15:06:45 [error] [exception.CException] exception 'CException' with message 'WebUser and its behaviors do not have a method or closure named "getIsAdmin".' in C:\wamp\www\yii\framework\base\CComponent.php:266
Stack trace:
#0 C:\wamp\www\roampa\protected\modules\user\UserModule.php(190): CComponent->__call('getIsAdmin', Array)
#1 C:\wamp\www\roampa\protected\modules\user\UserModule.php(190): WebUser->getIsAdmin()
#2 C:\wamp\www\roampa\protected\modules\user\views\profile\profile.php(6): UserModule::isAdmin()
#3 C:\wamp\www\yii\framework\web\CBaseController.php(126): require('C:\wamp\www\roa...')
#4 C:\wamp\www\yii\framework\web\CBaseController.php(95): CBaseController->renderInternal('C:\wamp\www\roa...', Array, true)
#5 C:\wamp\www\yii\framework\web\CController.php(869): CBaseController->renderFile('C:\wamp\www\roa...', Array, true)
#6 C:\wamp\www\yii\framework\web\CController.php(782): CController->renderPartial('profile', Array, true)
#7 C:\wamp\www\roampa\protected\modules\user\controllers\ProfileController.php(21): CController->render('profile', Array)
#8 C:\wamp\www\yii\framework\web\actions\CInlineAction.php(49): ProfileController->actionProfile()
#9 C:\wamp\www\yii\framework\web\CController.php(308): CInlineAction->runWithParams(Array)
#10 C:\wamp\www\yii\framework\web\CController.php(286): CController->runAction(Object(CInlineAction))
#11 C:\wamp\www\yii\framework\web\CController.php(265): CController->runActionWithFilters(Object(CInlineAction), Array)
#12 C:\wamp\www\yii\framework\web\CWebApplication.php(282): CController->run('')
#13 C:\wamp\www\yii\framework\web\CWebApplication.php(141): CWebApplication->runController('user/profile')
#14 C:\wamp\www\yii\framework\base\CApplication.php(180): CWebApplication->processRequest()
#15 C:\wamp\www\roampa\index.php(13): CApplication->run()
#16 {main}
REQUEST_URI=/roampa/index.php?r=user/profile
HTTP_REFERER=http://localhost/roampa/index.php
---
2014/05/22 15:12:25 [error] [exception.CHttpException.404] exception 'CHttpException' with message 'Unable to resolve the request "post/index".' in C:\wamp\www\yii\framework\web\CWebApplication.php:286
Stack trace:
#0 C:\wamp\www\yii\framework\web\CWebApplication.php(141): CWebApplication->runController('post/index')
#1 C:\wamp\www\yii\framework\base\CApplication.php(180): CWebApplication->processRequest()
#2 C:\wamp\www\roampa\index.php(13): CApplication->run()
#3 {main}
REQUEST_URI=/roampa/index.php?r=post/index
HTTP_REFERER=http://localhost/roampa/index.php
---
2014/05/22 15:30:21 [error] [exception.CHttpException.404] exception 'CHttpException' with message 'Unable to resolve the request "post/index".' in C:\wamp\www\yii\framework\web\CWebApplication.php:286
Stack trace:
#0 C:\wamp\www\yii\framework\web\CWebApplication.php(141): CWebApplication->runController('post/index')
#1 C:\wamp\www\yii\framework\base\CApplication.php(180): CWebApplication->processRequest()
#2 C:\wamp\www\roampa\index.php(13): CApplication->run()
#3 {main}
REQUEST_URI=/roampa/index.php?r=post/index
HTTP_REFERER=http://localhost/roampa/index.php
---
2014/05/22 15:33:22 [error] [exception.CException] exception 'CException' with message 'Alias "auth.components.AuthWebUser" is invalid. Make sure it points to an existing PHP file and the file is readable.' in C:\wamp\www\yii\framework\YiiBase.php:322
Stack trace:
#0 C:\wamp\www\yii\framework\YiiBase.php(196): YiiBase::import('auth.components...', true)
#1 C:\wamp\www\yii\framework\base\CModule.php(386): YiiBase::createComponent(Array)
#2 C:\wamp\www\yii\framework\base\CModule.php(103): CModule->getComponent('user')
#3 C:\wamp\www\roampa\protected\modules\user\controllers\LoginController.php(12): CModule->__get('user')
#4 C:\wamp\www\yii\framework\web\actions\CInlineAction.php(49): LoginController->actionLogin()
#5 C:\wamp\www\yii\framework\web\CController.php(308): CInlineAction->runWithParams(Array)
#6 C:\wamp\www\yii\framework\web\CController.php(286): CController->runAction(Object(CInlineAction))
#7 C:\wamp\www\yii\framework\web\CController.php(265): CController->runActionWithFilters(Object(CInlineAction), Array)
#8 C:\wamp\www\yii\framework\web\CWebApplication.php(282): CController->run('')
#9 C:\wamp\www\yii\framework\web\CWebApplication.php(141): CWebApplication->runController('user/login')
#10 C:\wamp\www\yii\framework\base\CApplication.php(180): CWebApplication->processRequest()
#11 C:\wamp\www\roampa\index.php(13): CApplication->run()
#12 {main}
REQUEST_URI=/roampa/index.php?r=user/login
HTTP_REFERER=http://localhost/roampa/index.php?r=post/index
---
2014/05/22 15:38:21 [error] [exception.CException] exception 'CException' with message 'Alias "auth.components.AuthWebUser" is invalid. Make sure it points to an existing PHP file and the file is readable.' in C:\wamp\www\yii\framework\YiiBase.php:322
Stack trace:
#0 C:\wamp\www\yii\framework\YiiBase.php(196): YiiBase::import('auth.components...', true)
#1 C:\wamp\www\yii\framework\base\CModule.php(386): YiiBase::createComponent(Array)
#2 C:\wamp\www\yii\framework\base\CModule.php(103): CModule->getComponent('user')
#3 C:\wamp\www\roampa\protected\views\layouts\main.php(35): CModule->__get('user')
#4 C:\wamp\www\yii\framework\web\CBaseController.php(126): require('C:\wamp\www\roa...')
#5 C:\wamp\www\yii\framework\web\CBaseController.php(95): CBaseController->renderInternal('C:\wamp\www\roa...', Array, true)
#6 C:\wamp\www\yii\framework\web\widgets\CContentDecorator.php(76): CBaseController->renderFile('C:\wamp\www\roa...', Array, true)
#7 C:\wamp\www\yii\framework\web\widgets\CContentDecorator.php(54): CContentDecorator->decorate('<div id="conten...')
#8 C:\wamp\www\yii\framework\web\widgets\COutputProcessor.php(44): CContentDecorator->processOutput('<div id="conten...')
#9 C:\wamp\www\yii\framework\web\CBaseController.php(206): COutputProcessor->run()
#10 C:\wamp\www\yii\framework\web\CBaseController.php(300): CBaseController->endWidget('CContentDecorat...')
#11 C:\wamp\www\roampa\protected\views\layouts\column1.php(6): CBaseController->endContent()
#12 C:\wamp\www\yii\framework\web\CBaseController.php(126): require('C:\wamp\www\roa...')
#13 C:\wamp\www\yii\framework\web\CBaseController.php(95): CBaseController->renderInternal('C:\wamp\www\roa...', Array, true)
#14 C:\wamp\www\yii\framework\web\CController.php(784): CBaseController->renderFile('C:\wamp\www\roa...', Array, true)
#15 C:\wamp\www\roampa\protected\controllers\SiteController.php(32): CController->render('index')
#16 C:\wamp\www\yii\framework\web\actions\CInlineAction.php(49): SiteController->actionIndex()
#17 C:\wamp\www\yii\framework\web\CController.php(308): CInlineAction->runWithParams(Array)
#18 C:\wamp\www\yii\framework\web\CController.php(286): CController->runAction(Object(CInlineAction))
#19 C:\wamp\www\yii\framework\web\CController.php(265): CController->runActionWithFilters(Object(CInlineAction), Array)
#20 C:\wamp\www\yii\framework\web\CWebApplication.php(282): CController->run('')
#21 C:\wamp\www\yii\framework\web\CWebApplication.php(141): CWebApplication->runController('')
#22 C:\wamp\www\yii\framework\base\CApplication.php(180): CWebApplication->processRequest()
#23 C:\wamp\www\roampa\index.php(13): CApplication->run()
#24 {main}
REQUEST_URI=/roampa/
---
2014/05/22 16:00:20 [error] [exception.CException] exception 'CException' with message 'Alias "auth.components.AuthWebUser" is invalid. Make sure it points to an existing PHP file and the file is readable.' in C:\wamp\www\yii\framework\YiiBase.php:322
Stack trace:
#0 C:\wamp\www\yii\framework\YiiBase.php(196): YiiBase::import('auth.components...', true)
#1 C:\wamp\www\yii\framework\base\CModule.php(386): YiiBase::createComponent(Array)
#2 C:\wamp\www\yii\framework\base\CModule.php(103): CModule->getComponent('user')
#3 C:\wamp\www\roampa\protected\views\layouts\main.php(35): CModule->__get('user')
#4 C:\wamp\www\yii\framework\web\CBaseController.php(126): require('C:\wamp\www\roa...')
#5 C:\wamp\www\yii\framework\web\CBaseController.php(95): CBaseController->renderInternal('C:\wamp\www\roa...', Array, true)
#6 C:\wamp\www\yii\framework\web\widgets\CContentDecorator.php(76): CBaseController->renderFile('C:\wamp\www\roa...', Array, true)
#7 C:\wamp\www\yii\framework\web\widgets\CContentDecorator.php(54): CContentDecorator->decorate('<div id="conten...')
#8 C:\wamp\www\yii\framework\web\widgets\COutputProcessor.php(44): CContentDecorator->processOutput('<div id="conten...')
#9 C:\wamp\www\yii\framework\web\CBaseController.php(206): COutputProcessor->run()
#10 C:\wamp\www\yii\framework\web\CBaseController.php(300): CBaseController->endWidget('CContentDecorat...')
#11 C:\wamp\www\roampa\protected\views\layouts\column1.php(6): CBaseController->endContent()
#12 C:\wamp\www\yii\framework\web\CBaseController.php(126): require('C:\wamp\www\roa...')
#13 C:\wamp\www\yii\framework\web\CBaseController.php(95): CBaseController->renderInternal('C:\wamp\www\roa...', Array, true)
#14 C:\wamp\www\yii\framework\web\CController.php(784): CBaseController->renderFile('C:\wamp\www\roa...', Array, true)
#15 C:\wamp\www\roampa\protected\controllers\SiteController.php(32): CController->render('index')
#16 C:\wamp\www\yii\framework\web\actions\CInlineAction.php(49): SiteController->actionIndex()
#17 C:\wamp\www\yii\framework\web\CController.php(308): CInlineAction->runWithParams(Array)
#18 C:\wamp\www\yii\framework\web\CController.php(286): CController->runAction(Object(CInlineAction))
#19 C:\wamp\www\yii\framework\web\CController.php(265): CController->runActionWithFilters(Object(CInlineAction), Array)
#20 C:\wamp\www\yii\framework\web\CWebApplication.php(282): CController->run('')
#21 C:\wamp\www\yii\framework\web\CWebApplication.php(141): CWebApplication->runController('')
#22 C:\wamp\www\yii\framework\base\CApplication.php(180): CWebApplication->processRequest()
#23 C:\wamp\www\roampa\index.php(13): CApplication->run()
#24 {main}
REQUEST_URI=/roampa/
---
2014/05/22 16:04:12 [error] [exception.CException] exception 'CException' with message 'Alias "auth.components.AuthWebUser" is invalid. Make sure it points to an existing PHP file and the file is readable.' in C:\wamp\www\yii\framework\YiiBase.php:322
Stack trace:
#0 C:\wamp\www\yii\framework\YiiBase.php(196): YiiBase::import('auth.components...', true)
#1 C:\wamp\www\yii\framework\base\CModule.php(386): YiiBase::createComponent(Array)
#2 C:\wamp\www\yii\framework\base\CModule.php(103): CModule->getComponent('user')
#3 C:\wamp\www\roampa\protected\views\layouts\main.php(35): CModule->__get('user')
#4 C:\wamp\www\yii\framework\web\CBaseController.php(126): require('C:\wamp\www\roa...')
#5 C:\wamp\www\yii\framework\web\CBaseController.php(95): CBaseController->renderInternal('C:\wamp\www\roa...', Array, true)
#6 C:\wamp\www\yii\framework\web\widgets\CContentDecorator.php(76): CBaseController->renderFile('C:\wamp\www\roa...', Array, true)
#7 C:\wamp\www\yii\framework\web\widgets\CContentDecorator.php(54): CContentDecorator->decorate('<div id="conten...')
#8 C:\wamp\www\yii\framework\web\widgets\COutputProcessor.php(44): CContentDecorator->processOutput('<div id="conten...')
#9 C:\wamp\www\yii\framework\web\CBaseController.php(206): COutputProcessor->run()
#10 C:\wamp\www\yii\framework\web\CBaseController.php(300): CBaseController->endWidget('CContentDecorat...')
#11 C:\wamp\www\roampa\protected\views\layouts\column1.php(6): CBaseController->endContent()
#12 C:\wamp\www\yii\framework\web\CBaseController.php(126): require('C:\wamp\www\roa...')
#13 C:\wamp\www\yii\framework\web\CBaseController.php(95): CBaseController->renderInternal('C:\wamp\www\roa...', Array, true)
#14 C:\wamp\www\yii\framework\web\CController.php(784): CBaseController->renderFile('C:\wamp\www\roa...', Array, true)
#15 C:\wamp\www\roampa\protected\controllers\SiteController.php(32): CController->render('index')
#16 C:\wamp\www\yii\framework\web\actions\CInlineAction.php(49): SiteController->actionIndex()
#17 C:\wamp\www\yii\framework\web\CController.php(308): CInlineAction->runWithParams(Array)
#18 C:\wamp\www\yii\framework\web\CController.php(286): CController->runAction(Object(CInlineAction))
#19 C:\wamp\www\yii\framework\web\CController.php(265): CController->runActionWithFilters(Object(CInlineAction), Array)
#20 C:\wamp\www\yii\framework\web\CWebApplication.php(282): CController->run('')
#21 C:\wamp\www\yii\framework\web\CWebApplication.php(141): CWebApplication->runController('')
#22 C:\wamp\www\yii\framework\base\CApplication.php(180): CWebApplication->processRequest()
#23 C:\wamp\www\roampa\index.php(13): CApplication->run()
#24 {main}
REQUEST_URI=/roampa/
---
2014/05/22 16:13:23 [error] [system.db.CDbCommand] CDbCommand::fetchColumn() failed: SQLSTATE[42S02]: Base table or view not found: 1146 Table 'roampa.authassignment' doesn't exist. The SQL statement executed was: SELECT `itemname`
FROM `AuthAssignment`
WHERE userid=:id.
in C:\wamp\www\roampa\protected\modules\user\models\User.php (175)
in C:\wamp\www\roampa\protected\modules\user\UserModule.php (258)
in C:\wamp\www\roampa\protected\modules\user\controllers\LoginController.php (23)
2014/05/22 16:13:23 [error] [exception.CDbException] exception 'CDbException' with message 'CDbCommand failed to execute the SQL statement: SQLSTATE[42S02]: Base table or view not found: 1146 Table 'roampa.authassignment' doesn't exist. The SQL statement executed was: SELECT `itemname`
FROM `AuthAssignment`
WHERE userid=:id' in C:\wamp\www\yii\framework\db\CDbCommand.php:543
Stack trace:
#0 C:\wamp\www\yii\framework\db\CDbCommand.php(433): CDbCommand->queryInternal('fetchColumn', 0, Array)
#1 C:\wamp\www\roampa\protected\modules\user\models\User.php(175): CDbCommand->queryScalar()
#2 C:\wamp\www\roampa\protected\modules\user\UserModule.php(258): User::getRole('1')
#3 C:\wamp\www\roampa\protected\modules\user\controllers\LoginController.php(23): UserModule->getRoleUrl()
#4 C:\wamp\www\yii\framework\web\actions\CInlineAction.php(49): LoginController->actionLogin()
#5 C:\wamp\www\yii\framework\web\CController.php(308): CInlineAction->runWithParams(Array)
#6 C:\wamp\www\yii\framework\web\CController.php(286): CController->runAction(Object(CInlineAction))
#7 C:\wamp\www\yii\framework\web\CController.php(265): CController->runActionWithFilters(Object(CInlineAction), Array)
#8 C:\wamp\www\yii\framework\web\CWebApplication.php(282): CController->run('')
#9 C:\wamp\www\yii\framework\web\CWebApplication.php(141): CWebApplication->runController('user/login')
#10 C:\wamp\www\yii\framework\base\CApplication.php(180): CWebApplication->processRequest()
#11 C:\wamp\www\roampa\index.php(13): CApplication->run()
#12 {main}
REQUEST_URI=/roampa/index.php?r=user/login
HTTP_REFERER=http://localhost/roampa/index.php?r=user/login
---
2014/05/22 16:14:06 [error] [system.db.CDbCommand] CDbCommand::fetchColumn() failed: SQLSTATE[42S02]: Base table or view not found: 1146 Table 'roampa.authassignment' doesn't exist. The SQL statement executed was: SELECT `itemname`
FROM `AuthAssignment`
WHERE userid=:id.
in C:\wamp\www\roampa\protected\modules\user\models\User.php (175)
in C:\wamp\www\roampa\protected\modules\user\UserModule.php (258)
in C:\wamp\www\roampa\protected\modules\user\controllers\LoginController.php (23)
2014/05/22 16:14:06 [error] [exception.CDbException] exception 'CDbException' with message 'CDbCommand failed to execute the SQL statement: SQLSTATE[42S02]: Base table or view not found: 1146 Table 'roampa.authassignment' doesn't exist. The SQL statement executed was: SELECT `itemname`
FROM `AuthAssignment`
WHERE userid=:id' in C:\wamp\www\yii\framework\db\CDbCommand.php:543
Stack trace:
#0 C:\wamp\www\yii\framework\db\CDbCommand.php(433): CDbCommand->queryInternal('fetchColumn', 0, Array)
#1 C:\wamp\www\roampa\protected\modules\user\models\User.php(175): CDbCommand->queryScalar()
#2 C:\wamp\www\roampa\protected\modules\user\UserModule.php(258): User::getRole('2')
#3 C:\wamp\www\roampa\protected\modules\user\controllers\LoginController.php(23): UserModule->getRoleUrl()
#4 C:\wamp\www\yii\framework\web\actions\CInlineAction.php(49): LoginController->actionLogin()
#5 C:\wamp\www\yii\framework\web\CController.php(308): CInlineAction->runWithParams(Array)
#6 C:\wamp\www\yii\framework\web\CController.php(286): CController->runAction(Object(CInlineAction))
#7 C:\wamp\www\yii\framework\web\CController.php(265): CController->runActionWithFilters(Object(CInlineAction), Array)
#8 C:\wamp\www\yii\framework\web\CWebApplication.php(282): CController->run('')
#9 C:\wamp\www\yii\framework\web\CWebApplication.php(141): CWebApplication->runController('user/login')
#10 C:\wamp\www\yii\framework\base\CApplication.php(180): CWebApplication->processRequest()
#11 C:\wamp\www\roampa\index.php(13): CApplication->run()
#12 {main}
REQUEST_URI=/roampa/index.php?r=user/login
HTTP_REFERER=http://localhost/roampa/index.php?r=user/login
---
2014/05/22 16:15:32 [error] [system.db.CDbCommand] CDbCommand::fetchColumn() failed: SQLSTATE[42S02]: Base table or view not found: 1146 Table 'roampa.authassignment' doesn't exist. The SQL statement executed was: SELECT `itemname`
FROM `AuthAssignment`
WHERE userid=:id.
in C:\wamp\www\roampa\protected\modules\user\models\User.php (175)
in C:\wamp\www\roampa\protected\modules\user\UserModule.php (258)
in C:\wamp\www\roampa\protected\modules\user\controllers\LoginController.php (23)
2014/05/22 16:15:32 [error] [exception.CDbException] exception 'CDbException' with message 'CDbCommand failed to execute the SQL statement: SQLSTATE[42S02]: Base table or view not found: 1146 Table 'roampa.authassignment' doesn't exist. The SQL statement executed was: SELECT `itemname`
FROM `AuthAssignment`
WHERE userid=:id' in C:\wamp\www\yii\framework\db\CDbCommand.php:543
Stack trace:
#0 C:\wamp\www\yii\framework\db\CDbCommand.php(433): CDbCommand->queryInternal('fetchColumn', 0, Array)
#1 C:\wamp\www\roampa\protected\modules\user\models\User.php(175): CDbCommand->queryScalar()
#2 C:\wamp\www\roampa\protected\modules\user\UserModule.php(258): User::getRole('1')
#3 C:\wamp\www\roampa\protected\modules\user\controllers\LoginController.php(23): UserModule->getRoleUrl()
#4 C:\wamp\www\yii\framework\web\actions\CInlineAction.php(49): LoginController->actionLogin()
#5 C:\wamp\www\yii\framework\web\CController.php(308): CInlineAction->runWithParams(Array)
#6 C:\wamp\www\yii\framework\web\CController.php(286): CController->runAction(Object(CInlineAction))
#7 C:\wamp\www\yii\framework\web\CController.php(265): CController->runActionWithFilters(Object(CInlineAction), Array)
#8 C:\wamp\www\yii\framework\web\CWebApplication.php(282): CController->run('')
#9 C:\wamp\www\yii\framework\web\CWebApplication.php(141): CWebApplication->runController('user/login')
#10 C:\wamp\www\yii\framework\base\CApplication.php(180): CWebApplication->processRequest()
#11 C:\wamp\www\roampa\index.php(13): CApplication->run()
#12 {main}
REQUEST_URI=/roampa/index.php?r=user/login
HTTP_REFERER=http://localhost/roampa/index.php?r=user/login
---
2014/05/22 16:15:37 [error] [system.db.CDbCommand] CDbCommand::fetchAll() failed: SQLSTATE[42S02]: Base table or view not found: 1146 Table 'roampa.authassignment' doesn't exist. The SQL statement executed was: SELECT *
FROM `AuthAssignment`
WHERE userid=:userid.
in C:\wamp\www\roampa\protected\modules\auth\widgets\AuthAssignmentItemsColumn.php (40)
in C:\wamp\www\roampa\protected\modules\auth\views\assignment\index.php (33)
in C:\wamp\www\roampa\protected\modules\auth\controllers\AssignmentController.php (27)
2014/05/22 16:15:37 [error] [exception.CDbException] exception 'CDbException' with message 'CDbCommand failed to execute the SQL statement: SQLSTATE[42S02]: Base table or view not found: 1146 Table 'roampa.authassignment' doesn't exist. The SQL statement executed was: SELECT *
FROM `AuthAssignment`
WHERE userid=:userid' in C:\wamp\www\yii\framework\db\CDbCommand.php:543
Stack trace:
#0 C:\wamp\www\yii\framework\db\CDbCommand.php(396): CDbCommand->queryInternal('fetchAll', Array, Array)
#1 C:\wamp\www\yii\framework\web\auth\CDbAuthManager.php(337): CDbCommand->queryAll()
#2 C:\wamp\www\roampa\protected\modules\auth\widgets\AuthAssignmentItemsColumn.php(40): CDbAuthManager->getAuthAssignments('1')
#3 C:\wamp\www\yii\framework\zii\widgets\grid\CGridColumn.php(151): AuthAssignmentItemsColumn->renderDataCellContent(0, Object(User))
#4 C:\wamp\www\yii\framework\zii\widgets\grid\CGridView.php(616): CGridColumn->renderDataCell(0)
#5 C:\wamp\www\yii\framework\zii\widgets\grid\CGridView.php(572): CGridView->renderTableRow(0)
#6 C:\wamp\www\yii\framework\zii\widgets\grid\CGridView.php(482): CGridView->renderTableBody()
#7 C:\wamp\www\yii\framework\zii\widgets\CBaseListView.php(167): CGridView->renderItems()
#8 [internal function]: CBaseListView->renderSection(Array)
#9 C:\wamp\www\yii\framework\zii\widgets\CBaseListView.php(150): preg_replace_callback('/{(\w+)}/', Array, '{items}?{pager}')
#10 C:\wamp\www\yii\framework\zii\widgets\CBaseListView.php(135): CBaseListView->renderContent()
#11 C:\wamp\www\yii\framework\web\CBaseController.php(173): CBaseListView->run()
#12 C:\wamp\www\roampa\protected\modules\auth\views\assignment\index.php(33): CBaseController->widget('bootstrap.widge...', Array)
#13 C:\wamp\www\yii\framework\web\CBaseController.php(126): require('C:\wamp\www\roa...')
#14 C:\wamp\www\yii\framework\web\CBaseController.php(95): CBaseController->renderInternal('C:\wamp\www\roa...', Array, true)
#15 C:\wamp\www\yii\framework\web\CController.php(869): CBaseController->renderFile('C:\wamp\www\roa...', Array, true)
#16 C:\wamp\www\yii\framework\web\CController.php(782): CController->renderPartial('index', Array, true)
#17 C:\wamp\www\roampa\protected\modules\auth\controllers\AssignmentController.php(27): CController->render('index', Array)
#18 C:\wamp\www\yii\framework\web\actions\CInlineAction.php(49): AssignmentController->actionIndex()
#19 C:\wamp\www\yii\framework\web\CController.php(308): CInlineAction->runWithParams(Array)
#20 C:\wamp\www\yii\framework\web\CController.php(286): CController->runAction(Object(CInlineAction))
#21 C:\wamp\www\yii\framework\web\CController.php(265): CController->runActionWithFilters(Object(CInlineAction), Array)
#22 C:\wamp\www\yii\framework\web\CWebApplication.php(282): CController->run('')
#23 C:\wamp\www\yii\framework\web\CWebApplication.php(141): CWebApplication->runController('auth')
#24 C:\wamp\www\yii\framework\base\CApplication.php(180): CWebApplication->processRequest()
#25 C:\wamp\www\roampa\index.php(13): CApplication->run()
#26 {main}
REQUEST_URI=/roampa/index.php?r=auth
---
2014/05/22 16:28:26 [error] [exception.CException] exception 'CException' with message 'Property "UserModule.adminUrl" is not defined.' in C:\wamp\www\yii\framework\base\CComponent.php:130
Stack trace:
#0 C:\wamp\www\yii\framework\base\CModule.php(105): CComponent->__get('adminUrl')
#1 C:\wamp\www\roampa\protected\modules\user\UserModule.php(261): CModule->__get('adminUrl')
#2 C:\wamp\www\roampa\protected\modules\user\controllers\LoginController.php(23): UserModule->getRoleUrl()
#3 C:\wamp\www\yii\framework\web\actions\CInlineAction.php(49): LoginController->actionLogin()
#4 C:\wamp\www\yii\framework\web\CController.php(308): CInlineAction->runWithParams(Array)
#5 C:\wamp\www\yii\framework\web\CController.php(286): CController->runAction(Object(CInlineAction))
#6 C:\wamp\www\yii\framework\web\CController.php(265): CController->runActionWithFilters(Object(CInlineAction), Array)
#7 C:\wamp\www\yii\framework\web\CWebApplication.php(282): CController->run('')
#8 C:\wamp\www\yii\framework\web\CWebApplication.php(141): CWebApplication->runController('user/login')
#9 C:\wamp\www\yii\framework\base\CApplication.php(180): CWebApplication->processRequest()
#10 C:\wamp\www\roampa\index.php(13): CApplication->run()
#11 {main}
REQUEST_URI=/roampa/index.php?r=user/login
HTTP_REFERER=http://localhost/roampa/index.php?r=user/login
---
2014/05/22 16:30:00 [error] [exception.CException] exception 'CException' with message 'Property "User.superuser" is not defined.' in C:\wamp\www\yii\framework\base\CComponent.php:130
Stack trace:
#0 C:\wamp\www\yii\framework\db\ar\CActiveRecord.php(145): CComponent->__get('superuser')
#1 C:\wamp\www\yii\framework\web\helpers\CHtml.php(2529): CActiveRecord->__get('superuser')
#2 C:\wamp\www\yii\framework\web\helpers\CHtml.php(1802): CHtml::resolveValue(Object(User), 'superuser')
#3 C:\wamp\www\yii\framework\web\widgets\CActiveForm.php(847): CHtml::activeDropDownList(Object(User), 'superuser', Array, Array)
#4 C:\wamp\www\roampa\protected\modules\user\views\admin\_search.php(40): CActiveForm->dropDownList(Object(User), 'superuser', Array)
#5 C:\wamp\www\yii\framework\web\CBaseController.php(126): require('C:\wamp\www\roa...')
#6 C:\wamp\www\yii\framework\web\CBaseController.php(95): CBaseController->renderInternal('C:\wamp\www\roa...', Array, true)
#7 C:\wamp\www\yii\framework\web\CController.php(869): CBaseController->renderFile('C:\wamp\www\roa...', Array, true)
#8 C:\wamp\www\roampa\protected\modules\user\views\admin\index.php(36): CController->renderPartial('_search', Array)
#9 C:\wamp\www\yii\framework\web\CBaseController.php(126): require('C:\wamp\www\roa...')
#10 C:\wamp\www\yii\framework\web\CBaseController.php(95): CBaseController->renderInternal('C:\wamp\www\roa...', Array, true)
#11 C:\wamp\www\yii\framework\web\CController.php(869): CBaseController->renderFile('C:\wamp\www\roa...', Array, true)
#12 C:\wamp\www\yii\framework\web\CController.php(782): CController->renderPartial('index', Array, true)
#13 C:\wamp\www\roampa\protected\modules\user\controllers\AdminController.php(42): CController->render('index', Array)
#14 C:\wamp\www\yii\framework\web\actions\CInlineAction.php(49): AdminController->actionAdmin()
#15 C:\wamp\www\yii\framework\web\CController.php(308): CInlineAction->runWithParams(Array)
#16 C:\wamp\www\yii\framework\web\filters\CFilterChain.php(133): CController->runAction(Object(CInlineAction))
#17 C:\wamp\www\yii\framework\web\filters\CFilter.php(40): CFilterChain->run()
#18 C:\wamp\www\yii\framework\web\filters\CFilterChain.php(130): CFilter->filter(Object(CFilterChain))
#19 C:\wamp\www\yii\framework\web\CController.php(291): CFilterChain->run()
#20 C:\wamp\www\yii\framework\web\CController.php(265): CController->runActionWithFilters(Object(CInlineAction), Array)
#21 C:\wamp\www\yii\framework\web\CWebApplication.php(282): CController->run('')
#22 C:\wamp\www\yii\framework\web\CWebApplication.php(141): CWebApplication->runController('user/admin')
#23 C:\wamp\www\yii\framework\base\CApplication.php(180): CWebApplication->processRequest()
#24 C:\wamp\www\roampa\index.php(13): CApplication->run()
#25 {main}
REQUEST_URI=/roampa/index.php?r=user/admin
HTTP_REFERER=http://localhost/roampa/index.php?r=user/login
---
2014/05/22 16:34:55 [error] [php] include(ProfileField.php) [<a href='function.include'>function.include</a>]: failed to open stream: No such file or directory (C:\wamp\www\yii\framework\YiiBase.php:427)
Stack trace:
#0 C:\wamp\www\roampa\protected\modules\user\views\admin\view.php(26): spl_autoload_call()
#1 C:\wamp\www\yii\framework\web\CBaseController.php(126): require()
#2 C:\wamp\www\yii\framework\web\CBaseController.php(95): AdminController->renderInternal()
#3 C:\wamp\www\yii\framework\web\CController.php(869): AdminController->renderFile()
#4 C:\wamp\www\yii\framework\web\CController.php(782): AdminController->renderPartial()
#5 C:\wamp\www\roampa\protected\modules\user\controllers\AdminController.php(63): AdminController->render()
#6 C:\wamp\www\yii\framework\web\actions\CInlineAction.php(49): AdminController->actionView()
#7 C:\wamp\www\yii\framework\web\CController.php(308): CInlineAction->runWithParams()
#8 C:\wamp\www\yii\framework\web\filters\CFilterChain.php(133): AdminController->runAction()
#9 C:\wamp\www\yii\framework\web\filters\CFilter.php(40): CFilterChain->run()
#10 C:\wamp\www\yii\framework\web\filters\CFilterChain.php(130): AuthFilter->filter()
#11 C:\wamp\www\yii\framework\web\CController.php(291): CFilterChain->run()
#12 C:\wamp\www\yii\framework\web\CController.php(265): AdminController->runActionWithFilters()
#13 C:\wamp\www\yii\framework\web\CWebApplication.php(282): AdminController->run()
#14 C:\wamp\www\yii\framework\web\CWebApplication.php(141): CWebApplication->runController()
#15 C:\wamp\www\yii\framework\base\CApplication.php(180): CWebApplication->processRequest()
#16 C:\wamp\www\roampa\index.php(13): CWebApplication->run()
REQUEST_URI=/roampa/index.php?r=user/admin/view&id=1
in C:\wamp\www\roampa\protected\modules\user\views\admin\view.php (26)
in C:\wamp\www\roampa\protected\modules\user\controllers\AdminController.php (63)
in C:\wamp\www\roampa\index.php (13)
2014/05/22 16:50:52 [error] [exception.CException] exception 'CException' with message 'Property "User.profile" is not defined.' in C:\wamp\www\yii\framework\base\CComponent.php:130
Stack trace:
#0 C:\wamp\www\yii\framework\db\ar\CActiveRecord.php(145): CComponent->__get('profile')
#1 C:\wamp\www\roampa\protected\modules\user\controllers\AdminController.php(104): CActiveRecord->__get('profile')
#2 C:\wamp\www\yii\framework\web\actions\CInlineAction.php(49): AdminController->actionUpdate()
#3 C:\wamp\www\yii\framework\web\CController.php(308): CInlineAction->runWithParams(Array)
#4 C:\wamp\www\yii\framework\web\filters\CFilterChain.php(133): CController->runAction(Object(CInlineAction))
#5 C:\wamp\www\yii\framework\web\filters\CFilter.php(40): CFilterChain->run()
#6 C:\wamp\www\yii\framework\web\filters\CFilterChain.php(130): CFilter->filter(Object(CFilterChain))
#7 C:\wamp\www\yii\framework\web\CController.php(291): CFilterChain->run()
#8 C:\wamp\www\yii\framework\web\CController.php(265): CController->runActionWithFilters(Object(CInlineAction), Array)
#9 C:\wamp\www\yii\framework\web\CWebApplication.php(282): CController->run('update')
#10 C:\wamp\www\yii\framework\web\CWebApplication.php(141): CWebApplication->runController('user/admin/upda...')
#11 C:\wamp\www\yii\framework\base\CApplication.php(180): CWebApplication->processRequest()
#12 C:\wamp\www\roampa\index.php(13): CApplication->run()
#13 {main}
REQUEST_URI=/roampa/index.php?r=user/admin/update&id=2
HTTP_REFERER=http://localhost/roampa/index.php?r=user/admin
---
2014/05/22 16:53:18 [error] [exception.CException] exception 'CException' with message 'Property "User.profile" is not defined.' in C:\wamp\www\yii\framework\base\CComponent.php:130
Stack trace:
#0 C:\wamp\www\yii\framework\db\ar\CActiveRecord.php(145): CComponent->__get('profile')
#1 C:\wamp\www\roampa\protected\modules\user\controllers\AdminController.php(104): CActiveRecord->__get('profile')
#2 C:\wamp\www\yii\framework\web\actions\CInlineAction.php(49): AdminController->actionUpdate()
#3 C:\wamp\www\yii\framework\web\CController.php(308): CInlineAction->runWithParams(Array)
#4 C:\wamp\www\yii\framework\web\filters\CFilterChain.php(133): CController->runAction(Object(CInlineAction))
#5 C:\wamp\www\yii\framework\web\filters\CFilter.php(40): CFilterChain->run()
#6 C:\wamp\www\yii\framework\web\filters\CFilterChain.php(130): CFilter->filter(Object(CFilterChain))
#7 C:\wamp\www\yii\framework\web\CController.php(291): CFilterChain->run()
#8 C:\wamp\www\yii\framework\web\CController.php(265): CController->runActionWithFilters(Object(CInlineAction), Array)
#9 C:\wamp\www\yii\framework\web\CWebApplication.php(282): CController->run('update')
#10 C:\wamp\www\yii\framework\web\CWebApplication.php(141): CWebApplication->runController('user/admin/upda...')
#11 C:\wamp\www\yii\framework\base\CApplication.php(180): CWebApplication->processRequest()
#12 C:\wamp\www\roampa\index.php(13): CApplication->run()
#13 {main}
REQUEST_URI=/roampa/index.php?r=user/admin/update&id=3
HTTP_REFERER=http://localhost/roampa/index.php?r=user/admin
---
2014/05/22 16:55:19 [error] [exception.CHttpException.404] exception 'CHttpException' with message 'Unable to resolve the request "post/index".' in C:\wamp\www\yii\framework\web\CWebApplication.php:286
Stack trace:
#0 C:\wamp\www\yii\framework\web\CWebApplication.php(141): CWebApplication->runController('post/index')
#1 C:\wamp\www\yii\framework\base\CApplication.php(180): CWebApplication->processRequest()
#2 C:\wamp\www\roampa\index.php(13): CApplication->run()
#3 {main}
REQUEST_URI=/roampa/index.php?r=post/index
HTTP_REFERER=http://localhost/roampa/index.php?r=user/login
---
2014/05/22 17:05:45 [error] [exception.CHttpException.401] exception 'CHttpException' with message 'You are not authorized to perform this action.' in C:\wamp\www\roampa\protected\modules\auth\filters\AuthFilter.php:56
Stack trace:
#0 C:\wamp\www\yii\framework\web\filters\CFilter.php(38): AuthFilter->preFilter(Object(CFilterChain))
#1 C:\wamp\www\yii\framework\web\filters\CFilterChain.php(130): CFilter->filter(Object(CFilterChain))
#2 C:\wamp\www\yii\framework\web\CController.php(291): CFilterChain->run()
#3 C:\wamp\www\yii\framework\web\CController.php(265): CController->runActionWithFilters(Object(CInlineAction), Array)
#4 C:\wamp\www\yii\framework\web\CWebApplication.php(282): CController->run('view')
#5 C:\wamp\www\yii\framework\web\CWebApplication.php(141): CWebApplication->runController('user/user/view')
#6 C:\wamp\www\yii\framework\base\CApplication.php(180): CWebApplication->processRequest()
#7 C:\wamp\www\roampa\index.php(13): CApplication->run()
#8 {main}
REQUEST_URI=/roampa/index.php?r=user/user/view&id=2
HTTP_REFERER=http://localhost/roampa/index.php?r=user
---
2014/05/22 18:14:54 [error] [exception.CDbException] exception 'CDbException' with message 'CDbConnection failed to open the DB connection: SQLSTATE[HY000] [1045] Access denied for user 'roampa'@'localhost' (using password: YES)' in C:\wamp\www\yii\framework\db\CDbConnection.php:382
Stack trace:
#0 C:\wamp\www\yii\framework\db\CDbConnection.php(330): CDbConnection->open()
#1 C:\wamp\www\yii\framework\db\CDbConnection.php(308): CDbConnection->setActive(true)
#2 C:\wamp\www\yii\framework\base\CModule.php(387): CDbConnection->init()
#3 C:\wamp\www\yii\framework\base\CApplication.php(450): CModule->getComponent('db')
#4 C:\wamp\www\yii\framework\db\ar\CActiveRecord.php(634): CApplication->getDb()
#5 C:\wamp\www\yii\framework\db\ar\CActiveRecord.php(2361): CActiveRecord->getDbConnection()
#6 C:\wamp\www\yii\framework\db\ar\CActiveRecord.php(411): CActiveRecordMetaData->__construct(Object(User))
#7 C:\wamp\www\yii\framework\db\ar\CActiveRecord.php(212): CActiveRecord->getMetaData()
#8 C:\wamp\www\roampa\protected\modules\user\components\UserIdentity.php(27): CActiveRecord->__call('notsafe', Array)
#9 C:\wamp\www\roampa\protected\modules\user\components\UserIdentity.php(27): User->notsafe()
#10 C:\wamp\www\roampa\protected\modules\user\models\UserLogin.php(52): UserIdentity->authenticate()
#11 C:\wamp\www\yii\framework\validators\CInlineValidator.php(42): UserLogin->authenticate('password', Array)
#12 C:\wamp\www\yii\framework\validators\CValidator.php(213): CInlineValidator->validateAttribute(Object(UserLogin), 'password')
#13 C:\wamp\www\yii\framework\base\CModel.php(159): CValidator->validate(Object(UserLogin), NULL)
#14 C:\wamp\www\roampa\protected\modules\user\controllers\LoginController.php(20): CModel->validate()
#15 C:\wamp\www\yii\framework\web\actions\CInlineAction.php(49): LoginController->actionLogin()
#16 C:\wamp\www\yii\framework\web\CController.php(308): CInlineAction->runWithParams(Array)
#17 C:\wamp\www\yii\framework\web\CController.php(286): CController->runAction(Object(CInlineAction))
#18 C:\wamp\www\yii\framework\web\CController.php(265): CController->runActionWithFilters(Object(CInlineAction), Array)
#19 C:\wamp\www\yii\framework\web\CWebApplication.php(282): CController->run('')
#20 C:\wamp\www\yii\framework\web\CWebApplication.php(141): CWebApplication->runController('user/login')
#21 C:\wamp\www\yii\framework\base\CApplication.php(180): CWebApplication->processRequest()
#22 C:\wamp\www\roampa\index.php(13): CApplication->run()
#23 {main}
REQUEST_URI=/roampa/index.php?r=user/login
HTTP_REFERER=http://localhost/roampa/index.php?r=user/login
---
2014/05/22 18:15:03 [error] [exception.CDbException] exception 'CDbException' with message 'CDbConnection failed to open the DB connection: SQLSTATE[HY000] [1045] Access denied for user 'roampa'@'localhost' (using password: YES)' in C:\wamp\www\yii\framework\db\CDbConnection.php:382
Stack trace:
#0 C:\wamp\www\yii\framework\db\CDbConnection.php(330): CDbConnection->open()
#1 C:\wamp\www\yii\framework\db\CDbConnection.php(308): CDbConnection->setActive(true)
#2 C:\wamp\www\yii\framework\base\CModule.php(387): CDbConnection->init()
#3 C:\wamp\www\yii\framework\base\CApplication.php(450): CModule->getComponent('db')
#4 C:\wamp\www\yii\framework\db\ar\CActiveRecord.php(634): CApplication->getDb()
#5 C:\wamp\www\yii\framework\db\ar\CActiveRecord.php(2361): CActiveRecord->getDbConnection()
#6 C:\wamp\www\yii\framework\db\ar\CActiveRecord.php(411): CActiveRecordMetaData->__construct(Object(User))
#7 C:\wamp\www\yii\framework\db\ar\CActiveRecord.php(212): CActiveRecord->getMetaData()
#8 C:\wamp\www\roampa\protected\modules\user\components\UserIdentity.php(27): CActiveRecord->__call('notsafe', Array)
#9 C:\wamp\www\roampa\protected\modules\user\components\UserIdentity.php(27): User->notsafe()
#10 C:\wamp\www\roampa\protected\modules\user\models\UserLogin.php(52): UserIdentity->authenticate()
#11 C:\wamp\www\yii\framework\validators\CInlineValidator.php(42): UserLogin->authenticate('password', Array)
#12 C:\wamp\www\yii\framework\validators\CValidator.php(213): CInlineValidator->validateAttribute(Object(UserLogin), 'password')
#13 C:\wamp\www\yii\framework\base\CModel.php(159): CValidator->validate(Object(UserLogin), NULL)
#14 C:\wamp\www\roampa\protected\modules\user\controllers\LoginController.php(20): CModel->validate()
#15 C:\wamp\www\yii\framework\web\actions\CInlineAction.php(49): LoginController->actionLogin()
#16 C:\wamp\www\yii\framework\web\CController.php(308): CInlineAction->runWithParams(Array)
#17 C:\wamp\www\yii\framework\web\CController.php(286): CController->runAction(Object(CInlineAction))
#18 C:\wamp\www\yii\framework\web\CController.php(265): CController->runActionWithFilters(Object(CInlineAction), Array)
#19 C:\wamp\www\yii\framework\web\CWebApplication.php(282): CController->run('')
#20 C:\wamp\www\yii\framework\web\CWebApplication.php(141): CWebApplication->runController('user/login')
#21 C:\wamp\www\yii\framework\base\CApplication.php(180): CWebApplication->processRequest()
#22 C:\wamp\www\roampa\index.php(13): CApplication->run()
#23 {main}
REQUEST_URI=/roampa/index.php?r=user/login
HTTP_REFERER=http://localhost/roampa/index.php?r=user/login
---
2014/05/22 18:15:10 [error] [exception.CDbException] exception 'CDbException' with message 'CDbConnection failed to open the DB connection: SQLSTATE[HY000] [1045] Access denied for user 'roampa'@'localhost' (using password: YES)' in C:\wamp\www\yii\framework\db\CDbConnection.php:382
Stack trace:
#0 C:\wamp\www\yii\framework\db\CDbConnection.php(330): CDbConnection->open()
#1 C:\wamp\www\yii\framework\db\CDbConnection.php(308): CDbConnection->setActive(true)
#2 C:\wamp\www\yii\framework\base\CModule.php(387): CDbConnection->init()
#3 C:\wamp\www\yii\framework\base\CApplication.php(450): CModule->getComponent('db')
#4 C:\wamp\www\yii\framework\db\ar\CActiveRecord.php(634): CApplication->getDb()
#5 C:\wamp\www\yii\framework\db\ar\CActiveRecord.php(2361): CActiveRecord->getDbConnection()
#6 C:\wamp\www\yii\framework\db\ar\CActiveRecord.php(411): CActiveRecordMetaData->__construct(Object(User))
#7 C:\wamp\www\yii\framework\db\ar\CActiveRecord.php(212): CActiveRecord->getMetaData()
#8 C:\wamp\www\roampa\protected\modules\user\components\UserIdentity.php(27): CActiveRecord->__call('notsafe', Array)
#9 C:\wamp\www\roampa\protected\modules\user\components\UserIdentity.php(27): User->notsafe()
#10 C:\wamp\www\roampa\protected\modules\user\models\UserLogin.php(52): UserIdentity->authenticate()
#11 C:\wamp\www\yii\framework\validators\CInlineValidator.php(42): UserLogin->authenticate('password', Array)
#12 C:\wamp\www\yii\framework\validators\CValidator.php(213): CInlineValidator->validateAttribute(Object(UserLogin), 'password')
#13 C:\wamp\www\yii\framework\base\CModel.php(159): CValidator->validate(Object(UserLogin), NULL)
#14 C:\wamp\www\roampa\protected\modules\user\controllers\LoginController.php(20): CModel->validate()
#15 C:\wamp\www\yii\framework\web\actions\CInlineAction.php(49): LoginController->actionLogin()
#16 C:\wamp\www\yii\framework\web\CController.php(308): CInlineAction->runWithParams(Array)
#17 C:\wamp\www\yii\framework\web\CController.php(286): CController->runAction(Object(CInlineAction))
#18 C:\wamp\www\yii\framework\web\CController.php(265): CController->runActionWithFilters(Object(CInlineAction), Array)
#19 C:\wamp\www\yii\framework\web\CWebApplication.php(282): CController->run('')
#20 C:\wamp\www\yii\framework\web\CWebApplication.php(141): CWebApplication->runController('user/login')
#21 C:\wamp\www\yii\framework\base\CApplication.php(180): CWebApplication->processRequest()
#22 C:\wamp\www\roampa\index.php(13): CApplication->run()
#23 {main}
REQUEST_URI=/roampa/index.php?r=user/login
HTTP_REFERER=http://localhost/roampa/index.php?r=user/login
---
2014/05/22 18:15:20 [error] [exception.CDbException] exception 'CDbException' with message 'CDbConnection failed to open the DB connection: SQLSTATE[HY000] [1045] Access denied for user 'roampa'@'localhost' (using password: YES)' in C:\wamp\www\yii\framework\db\CDbConnection.php:382
Stack trace:
#0 C:\wamp\www\yii\framework\db\CDbConnection.php(330): CDbConnection->open()
#1 C:\wamp\www\yii\framework\db\CDbConnection.php(308): CDbConnection->setActive(true)
#2 C:\wamp\www\yii\framework\base\CModule.php(387): CDbConnection->init()
#3 C:\wamp\www\yii\framework\base\CApplication.php(450): CModule->getComponent('db')
#4 C:\wamp\www\yii\framework\db\ar\CActiveRecord.php(634): CApplication->getDb()
#5 C:\wamp\www\yii\framework\db\ar\CActiveRecord.php(2361): CActiveRecord->getDbConnection()
#6 C:\wamp\www\yii\framework\db\ar\CActiveRecord.php(411): CActiveRecordMetaData->__construct(Object(User))
#7 C:\wamp\www\yii\framework\db\ar\CActiveRecord.php(212): CActiveRecord->getMetaData()
#8 C:\wamp\www\roampa\protected\modules\user\components\UserIdentity.php(27): CActiveRecord->__call('notsafe', Array)
#9 C:\wamp\www\roampa\protected\modules\user\components\UserIdentity.php(27): User->notsafe()
#10 C:\wamp\www\roampa\protected\modules\user\models\UserLogin.php(52): UserIdentity->authenticate()
#11 C:\wamp\www\yii\framework\validators\CInlineValidator.php(42): UserLogin->authenticate('password', Array)
#12 C:\wamp\www\yii\framework\validators\CValidator.php(213): CInlineValidator->validateAttribute(Object(UserLogin), 'password')
#13 C:\wamp\www\yii\framework\base\CModel.php(159): CValidator->validate(Object(UserLogin), NULL)
#14 C:\wamp\www\roampa\protected\modules\user\controllers\LoginController.php(20): CModel->validate()
#15 C:\wamp\www\yii\framework\web\actions\CInlineAction.php(49): LoginController->actionLogin()
#16 C:\wamp\www\yii\framework\web\CController.php(308): CInlineAction->runWithParams(Array)
#17 C:\wamp\www\yii\framework\web\CController.php(286): CController->runAction(Object(CInlineAction))
#18 C:\wamp\www\yii\framework\web\CController.php(265): CController->runActionWithFilters(Object(CInlineAction), Array)
#19 C:\wamp\www\yii\framework\web\CWebApplication.php(282): CController->run('')
#20 C:\wamp\www\yii\framework\web\CWebApplication.php(141): CWebApplication->runController('user/login')
#21 C:\wamp\www\yii\framework\base\CApplication.php(180): CWebApplication->processRequest()
#22 C:\wamp\www\roampa\index.php(13): CApplication->run()
#23 {main}
REQUEST_URI=/roampa/index.php?r=user/login
HTTP_REFERER=http://localhost/roampa/index.php?r=user/login
---
